Flow report for 333a
Fri Jul 07 16:36:20 2017
Quartus II 64-Bit Version 14.1.0 Build 186 12/03/2014 SJ Web Edition


---------------------
; Table of Contents ;
---------------------
  1. Legal Notice
  2. Flow Summary
  3. Flow Settings
  4. Flow Non-Default Global Settings
  5. Flow Elapsed Time
  6. Flow OS Summary
  7. Flow Log
  8. Flow Messages
  9. Flow Suppressed Messages



----------------
; Legal Notice ;
----------------
Copyright (C) 1991-2014 Altera Corporation. All rights reserved.
Your use of Altera Corporation's design tools, logic functions 
and other software and tools, and its AMPP partner logic 
functions, and any output files from any of the foregoing 
(including device programming or simulation files), and any 
associated documentation or information are expressly subject 
to the terms and conditions of the Altera Program License 
Subscription Agreement, the Altera Quartus II License Agreement,
the Altera MegaCore Function License Agreement, or other 
applicable license agreement, including, without limitation, 
that your use is for the sole purpose of programming logic 
devices manufactured by Altera and sold by Altera or its 
authorized distributors.  Please refer to the applicable 
agreement for further details.



+---------------------------------------------------------------------------------+
; Flow Summary                                                                    ;
+------------------------------------+--------------------------------------------+
; Flow Status                        ; Successful - Fri Jul 07 16:36:20 2017      ;
; Quartus II 64-Bit Version          ; 14.1.0 Build 186 12/03/2014 SJ Web Edition ;
; Revision Name                      ; 333a                                       ;
; Top-level Entity Name              ; THREE_DIGITS                               ;
; Family                             ; Cyclone IV E                               ;
; Device                             ; EP4CE115F29C8                              ;
; Timing Models                      ; Final                                      ;
; Total logic elements               ; 580 / 114,480 ( < 1 % )                    ;
;     Total combinational functions  ; 578 / 114,480 ( < 1 % )                    ;
;     Dedicated logic registers      ; 163 / 114,480 ( < 1 % )                    ;
; Total registers                    ; 163                                        ;
; Total pins                         ; 56 / 529 ( 11 % )                          ;
; Total virtual pins                 ; 0                                          ;
; Total memory bits                  ; 0 / 3,981,312 ( 0 % )                      ;
; Embedded Multiplier 9-bit elements ; 0 / 532 ( 0 % )                            ;
; Total PLLs                         ; 0 / 4 ( 0 % )                              ;
+------------------------------------+--------------------------------------------+


+-----------------------------------------+
; Flow Settings                           ;
+-------------------+---------------------+
; Option            ; Setting             ;
+-------------------+---------------------+
; Start date & time ; 07/07/2017 16:35:20 ;
; Main task         ; Compilation         ;
; Revision Name     ; 333a                ;
+-------------------+---------------------+


+-----------------------------------------------------------------------------------------------------------------------+
; Flow Non-Default Global Settings                                                                                      ;
+-------------------------------------+---------------------------------+---------------+--------------+----------------+
; Assignment Name                     ; Value                           ; Default Value ; Entity Name  ; Section Id     ;
+-------------------------------------+---------------------------------+---------------+--------------+----------------+
; COMPILER_SIGNATURE_ID               ; 264403981214934.149943812005204 ; --            ; --           ; --             ;
; EDA_OUTPUT_DATA_FORMAT              ; Vhdl                            ; --            ; --           ; eda_simulation ;
; EDA_SIMULATION_TOOL                 ; ModelSim-Altera (VHDL)          ; <None>        ; --           ; --             ;
; MAX_CORE_JUNCTION_TEMP              ; 85                              ; --            ; --           ; --             ;
; MIN_CORE_JUNCTION_TEMP              ; 0                               ; --            ; --           ; --             ;
; PARTITION_COLOR                     ; 16764057                        ; --            ; THREE_DIGITS ; Top            ;
; PARTITION_FITTER_PRESERVATION_LEVEL ; PLACEMENT_AND_ROUTING           ; --            ; THREE_DIGITS ; Top            ;
; PARTITION_NETLIST_TYPE              ; SOURCE                          ; --            ; THREE_DIGITS ; Top            ;
; PROJECT_OUTPUT_DIRECTORY            ; output_files                    ; --            ; --           ; --             ;
; TOP_LEVEL_ENTITY                    ; THREE_DIGITS                    ; 333a          ; --           ; --             ;
+-------------------------------------+---------------------------------+---------------+--------------+----------------+


+-------------------------------------------------------------------------------------------------------------------------------+
; Flow Elapsed Time                                                                                                             ;
+---------------------------+--------------+-------------------------+---------------------+------------------------------------+
; Module Name               ; Elapsed Time ; Average Processors Used ; Peak Virtual Memory ; Total CPU Time (on all processors) ;
+---------------------------+--------------+-------------------------+---------------------+------------------------------------+
; Analysis & Synthesis      ; 00:00:11     ; 1.0                     ; 652 MB              ; 00:00:21                           ;
; Fitter                    ; 00:00:20     ; 1.0                     ; 1082 MB             ; 00:00:18                           ;
; Assembler                 ; 00:00:04     ; 1.0                     ; 558 MB              ; 00:00:03                           ;
; TimeQuest Timing Analyzer ; 00:00:08     ; 1.0                     ; 699 MB              ; 00:00:04                           ;
; EDA Netlist Writer        ; 00:00:02     ; 1.0                     ; 534 MB              ; 00:00:01                           ;
; Total                     ; 00:00:45     ; --                      ; --                  ; 00:00:47                           ;
+---------------------------+--------------+-------------------------+---------------------+------------------------------------+


+----------------------------------------------------------------------------------------+
; Flow OS Summary                                                                        ;
+---------------------------+------------------+-----------+------------+----------------+
; Module Name               ; Machine Hostname ; OS Name   ; OS Version ; Processor type ;
+---------------------------+------------------+-----------+------------+----------------+
; Analysis & Synthesis      ; DSY43            ; Windows 7 ; 6.1        ; x86_64         ;
; Fitter                    ; DSY43            ; Windows 7 ; 6.1        ; x86_64         ;
; Assembler                 ; DSY43            ; Windows 7 ; 6.1        ; x86_64         ;
; TimeQuest Timing Analyzer ; DSY43            ; Windows 7 ; 6.1        ; x86_64         ;
; EDA Netlist Writer        ; DSY43            ; Windows 7 ; 6.1        ; x86_64         ;
+---------------------------+------------------+-----------+------------+----------------+


------------
; Flow Log ;
------------
quartus_map --read_settings_files=on --write_settings_files=off 333a -c 333a
quartus_fit --read_settings_files=off --write_settings_files=off 333a -c 333a
quartus_asm --read_settings_files=off --write_settings_files=off 333a -c 333a
quartus_sta 333a -c 333a
quartus_eda --read_settings_files=off --write_settings_files=off 333a -c 333a



