Analysis & Synthesis report for 333a
Fri Jul 07 16:35:32 2017
Quartus II 64-Bit Version 14.1.0 Build 186 12/03/2014 SJ Web Edition


---------------------
; Table of Contents ;
---------------------
  1. Legal Notice
  2. Analysis & Synthesis Summary
  3. Analysis & Synthesis Settings
  4. Parallel Compilation
  5. Analysis & Synthesis Source Files Read
  6. Analysis & Synthesis Resource Usage Summary
  7. Analysis & Synthesis Resource Utilization by Entity
  8. General Register Statistics
  9. Inverted Register Statistics
 10. Multiplexer Restructuring Statistics (Restructuring Performed)
 11. Parameter Settings for Inferred Entity Instance: bcd_counter:seconds|lpm_divide:Mod0
 12. Parameter Settings for Inferred Entity Instance: bcd_counter:seconds|lpm_divide:Div0
 13. Parameter Settings for Inferred Entity Instance: bcd_counter:minutes|lpm_divide:Mod0
 14. Parameter Settings for Inferred Entity Instance: bcd_counter:minutes|lpm_divide:Div0
 15. Post-Synthesis Netlist Statistics for Top Partition
 16. Elapsed Time Per Partition
 17. Analysis & Synthesis Messages



----------------
; Legal Notice ;
----------------
Copyright (C) 1991-2014 Altera Corporation. All rights reserved.
Your use of Altera Corporation's design tools, logic functions 
and other software and tools, and its AMPP partner logic 
functions, and any output files from any of the foregoing 
(including device programming or simulation files), and any 
associated documentation or information are expressly subject 
to the terms and conditions of the Altera Program License 
Subscription Agreement, the Altera Quartus II License Agreement,
the Altera MegaCore Function License Agreement, or other 
applicable license agreement, including, without limitation, 
that your use is for the sole purpose of programming logic 
devices manufactured by Altera and sold by Altera or its 
authorized distributors.  Please refer to the applicable 
agreement for further details.



+---------------------------------------------------------------------------------+
; Analysis & Synthesis Summary                                                    ;
+------------------------------------+--------------------------------------------+
; Analysis & Synthesis Status        ; Successful - Fri Jul 07 16:35:32 2017      ;
; Quartus II 64-Bit Version          ; 14.1.0 Build 186 12/03/2014 SJ Web Edition ;
; Revision Name                      ; 333a                                       ;
; Top-level Entity Name              ; THREE_DIGITS                               ;
; Family                             ; Cyclone IV E                               ;
; Total logic elements               ; 578                                        ;
;     Total combinational functions  ; 578                                        ;
;     Dedicated logic registers      ; 163                                        ;
; Total registers                    ; 163                                        ;
; Total pins                         ; 56                                         ;
; Total virtual pins                 ; 0                                          ;
; Total memory bits                  ; 0                                          ;
; Embedded Multiplier 9-bit elements ; 0                                          ;
; Total PLLs                         ; 0                                          ;
+------------------------------------+--------------------------------------------+


+----------------------------------------------------------------------------------------------------------------------+
; Analysis & Synthesis Settings                                                                                        ;
+----------------------------------------------------------------------------+--------------------+--------------------+
; Option                                                                     ; Setting            ; Default Value      ;
+----------------------------------------------------------------------------+--------------------+--------------------+
; Device                                                                     ; EP4CE115F29C8      ;                    ;
; Top-level entity name                                                      ; THREE_DIGITS       ; 333a               ;
; Family name                                                                ; Cyclone IV E       ; Cyclone IV GX      ;
; Use smart compilation                                                      ; Off                ; Off                ;
; Enable parallel Assembler and TimeQuest Timing Analyzer during compilation ; On                 ; On                 ;
; Enable compact report table                                                ; Off                ; Off                ;
; Restructure Multiplexers                                                   ; Auto               ; Auto               ;
; Create Debugging Nodes for IP Cores                                        ; Off                ; Off                ;
; Preserve fewer node names                                                  ; On                 ; On                 ;
; Disable OpenCore Plus hardware evaluation                                  ; Off                ; Off                ;
; Verilog Version                                                            ; Verilog_2001       ; Verilog_2001       ;
; VHDL Version                                                               ; VHDL_1993          ; VHDL_1993          ;
; State Machine Processing                                                   ; Auto               ; Auto               ;
; Safe State Machine                                                         ; Off                ; Off                ;
; Extract Verilog State Machines                                             ; On                 ; On                 ;
; Extract VHDL State Machines                                                ; On                 ; On                 ;
; Ignore Verilog initial constructs                                          ; Off                ; Off                ;
; Iteration limit for constant Verilog loops                                 ; 5000               ; 5000               ;
; Iteration limit for non-constant Verilog loops                             ; 250                ; 250                ;
; Add Pass-Through Logic to Inferred RAMs                                    ; On                 ; On                 ;
; Infer RAMs from Raw Logic                                                  ; On                 ; On                 ;
; Parallel Synthesis                                                         ; On                 ; On                 ;
; DSP Block Balancing                                                        ; Auto               ; Auto               ;
; NOT Gate Push-Back                                                         ; On                 ; On                 ;
; Power-Up Don't Care                                                        ; On                 ; On                 ;
; Remove Redundant Logic Cells                                               ; Off                ; Off                ;
; Remove Duplicate Registers                                                 ; On                 ; On                 ;
; Ignore CARRY Buffers                                                       ; Off                ; Off                ;
; Ignore CASCADE Buffers                                                     ; Off                ; Off                ;
; Ignore GLOBAL Buffers                                                      ; Off                ; Off                ;
; Ignore ROW GLOBAL Buffers                                                  ; Off                ; Off                ;
; Ignore LCELL Buffers                                                       ; Off                ; Off                ;
; Ignore SOFT Buffers                                                        ; On                 ; On                 ;
; Limit AHDL Integers to 32 Bits                                             ; Off                ; Off                ;
; Optimization Technique                                                     ; Balanced           ; Balanced           ;
; Carry Chain Length                                                         ; 70                 ; 70                 ;
; Auto Carry Chains                                                          ; On                 ; On                 ;
; Auto Open-Drain Pins                                                       ; On                 ; On                 ;
; Perform WYSIWYG Primitive Resynthesis                                      ; Off                ; Off                ;
; Auto ROM Replacement                                                       ; On                 ; On                 ;
; Auto RAM Replacement                                                       ; On                 ; On                 ;
; Auto DSP Block Replacement                                                 ; On                 ; On                 ;
; Auto Shift Register Replacement                                            ; Auto               ; Auto               ;
; Allow Shift Register Merging across Hierarchies                            ; Auto               ; Auto               ;
; Auto Clock Enable Replacement                                              ; On                 ; On                 ;
; Strict RAM Replacement                                                     ; Off                ; Off                ;
; Allow Synchronous Control Signals                                          ; On                 ; On                 ;
; Force Use of Synchronous Clear Signals                                     ; Off                ; Off                ;
; Auto RAM Block Balancing                                                   ; On                 ; On                 ;
; Auto RAM to Logic Cell Conversion                                          ; Off                ; Off                ;
; Auto Resource Sharing                                                      ; Off                ; Off                ;
; Allow Any RAM Size For Recognition                                         ; Off                ; Off                ;
; Allow Any ROM Size For Recognition                                         ; Off                ; Off                ;
; Allow Any Shift Register Size For Recognition                              ; Off                ; Off                ;
; Use LogicLock Constraints during Resource Balancing                        ; On                 ; On                 ;
; Ignore translate_off and synthesis_off directives                          ; Off                ; Off                ;
; Timing-Driven Synthesis                                                    ; On                 ; On                 ;
; Report Parameter Settings                                                  ; On                 ; On                 ;
; Report Source Assignments                                                  ; On                 ; On                 ;
; Report Connectivity Checks                                                 ; On                 ; On                 ;
; Ignore Maximum Fan-Out Assignments                                         ; Off                ; Off                ;
; Synchronization Register Chain Length                                      ; 2                  ; 2                  ;
; PowerPlay Power Optimization During Synthesis                              ; Normal compilation ; Normal compilation ;
; HDL message level                                                          ; Level2             ; Level2             ;
; Suppress Register Optimization Related Messages                            ; Off                ; Off                ;
; Number of Removed Registers Reported in Synthesis Report                   ; 5000               ; 5000               ;
; Number of Swept Nodes Reported in Synthesis Report                         ; 5000               ; 5000               ;
; Number of Inverted Registers Reported in Synthesis Report                  ; 100                ; 100                ;
; Clock MUX Protection                                                       ; On                 ; On                 ;
; Auto Gated Clock Conversion                                                ; Off                ; Off                ;
; Block Design Naming                                                        ; Auto               ; Auto               ;
; SDC constraint protection                                                  ; Off                ; Off                ;
; Synthesis Effort                                                           ; Auto               ; Auto               ;
; Shift Register Replacement - Allow Asynchronous Clear Signal               ; On                 ; On                 ;
; Pre-Mapping Resynthesis Optimization                                       ; Off                ; Off                ;
; Analysis & Synthesis Message Level                                         ; Medium             ; Medium             ;
; Disable Register Merging Across Hierarchies                                ; Auto               ; Auto               ;
; Resource Aware Inference For Block RAM                                     ; On                 ; On                 ;
; Synthesis Seed                                                             ; 1                  ; 1                  ;
+----------------------------------------------------------------------------+--------------------+--------------------+


Parallel compilation was disabled, but you have multiple processors available. Enable parallel compilation to reduce compilation time.
+-------------------------------------+
; Parallel Compilation                ;
+----------------------------+--------+
; Processors                 ; Number ;
+----------------------------+--------+
; Number detected on machine ; 8      ;
; Maximum allowed            ; 1      ;
+----------------------------+--------+


+------------------------------------------------------------------------------------------------------------------------------------------------------------------+
; Analysis & Synthesis Source Files Read                                                                                                                           ;
+----------------------------------+-----------------+------------------------------+--------------------------------------------------------------------+---------+
; File Name with User-Entered Path ; Used in Netlist ; File Type                    ; File Name with Absolute Path                                       ; Library ;
+----------------------------------+-----------------+------------------------------+--------------------------------------------------------------------+---------+
; bcd_counter.vhd                  ; yes             ; User VHDL File               ; H:/Aufgabe333A/bcd_counter.vhd                                     ;         ;
; sevenseg.vhd                     ; yes             ; User VHDL File               ; H:/Aufgabe333A/sevenseg.vhd                                        ;         ;
; THREE_DIGITS.vhd                 ; yes             ; User VHDL File               ; H:/Aufgabe333A/THREE_DIGITS.vhd                                    ;         ;
; output_files/scale_clock.vhd     ; yes             ; User VHDL File               ; H:/Aufgabe333A/output_files/scale_clock.vhd                        ;         ;
; bcd_counter24.vhd                ; yes             ; User VHDL File               ; H:/Aufgabe333A/bcd_counter24.vhd                                   ;         ;
; lpm_divide.tdf                   ; yes             ; Megafunction                 ; c:/altera/14.1/quartus/libraries/megafunctions/lpm_divide.tdf      ;         ;
; abs_divider.inc                  ; yes             ; Megafunction                 ; c:/altera/14.1/quartus/libraries/megafunctions/abs_divider.inc     ;         ;
; sign_div_unsign.inc              ; yes             ; Megafunction                 ; c:/altera/14.1/quartus/libraries/megafunctions/sign_div_unsign.inc ;         ;
; aglobal141.inc                   ; yes             ; Megafunction                 ; c:/altera/14.1/quartus/libraries/megafunctions/aglobal141.inc      ;         ;
; db/lpm_divide_m9m.tdf            ; yes             ; Auto-Generated Megafunction  ; H:/Aufgabe333A/db/lpm_divide_m9m.tdf                               ;         ;
; db/sign_div_unsign_bkh.tdf       ; yes             ; Auto-Generated Megafunction  ; H:/Aufgabe333A/db/sign_div_unsign_bkh.tdf                          ;         ;
; db/alt_u_div_a4f.tdf             ; yes             ; Auto-Generated Megafunction  ; H:/Aufgabe333A/db/alt_u_div_a4f.tdf                                ;         ;
; db/add_sub_7pc.tdf               ; yes             ; Auto-Generated Megafunction  ; H:/Aufgabe333A/db/add_sub_7pc.tdf                                  ;         ;
; db/add_sub_8pc.tdf               ; yes             ; Auto-Generated Megafunction  ; H:/Aufgabe333A/db/add_sub_8pc.tdf                                  ;         ;
; db/lpm_divide_hhm.tdf            ; yes             ; Auto-Generated Megafunction  ; H:/Aufgabe333A/db/lpm_divide_hhm.tdf                               ;         ;
; db/sign_div_unsign_9kh.tdf       ; yes             ; Auto-Generated Megafunction  ; H:/Aufgabe333A/db/sign_div_unsign_9kh.tdf                          ;         ;
; db/alt_u_div_64f.tdf             ; yes             ; Auto-Generated Megafunction  ; H:/Aufgabe333A/db/alt_u_div_64f.tdf                                ;         ;
+----------------------------------+-----------------+------------------------------+--------------------------------------------------------------------+---------+


+----------------------------------------------------------+
; Analysis & Synthesis Resource Usage Summary              ;
+---------------------------------------------+------------+
; Resource                                    ; Usage      ;
+---------------------------------------------+------------+
; Estimated Total logic elements              ; 578        ;
;                                             ;            ;
; Total combinational functions               ; 578        ;
; Logic element usage by number of LUT inputs ;            ;
;     -- 4 input functions                    ; 227        ;
;     -- 3 input functions                    ; 112        ;
;     -- <=2 input functions                  ; 239        ;
;                                             ;            ;
; Logic elements by mode                      ;            ;
;     -- normal mode                          ; 385        ;
;     -- arithmetic mode                      ; 193        ;
;                                             ;            ;
; Total registers                             ; 163        ;
;     -- Dedicated logic registers            ; 163        ;
;     -- I/O registers                        ; 0          ;
;                                             ;            ;
; I/O pins                                    ; 56         ;
;                                             ;            ;
; Embedded Multiplier 9-bit elements          ; 0          ;
;                                             ;            ;
; Maximum fan-out node                        ; INIT~input ;
; Maximum fan-out                             ; 199        ;
; Total fan-out                               ; 2279       ;
; Average fan-out                             ; 2.67       ;
+---------------------------------------------+------------+


+----------------------------------------------------------------------------------------------------------------------------------------------------------------------------------------------------------------------------------------------------------------------------------------------------------+
; Analysis & Synthesis Resource Utilization by Entity                                                                                                                                                                                                                                                      ;
+-------------------------------------------+-------------------+--------------+-------------+--------------+---------+-----------+------+--------------+-----------------------------------------------------------------------------------------------------------------------------------+--------------+
; Compilation Hierarchy Node                ; LC Combinationals ; LC Registers ; Memory Bits ; DSP Elements ; DSP 9x9 ; DSP 18x18 ; Pins ; Virtual Pins ; Full Hierarchy Name                                                                                                               ; Library Name ;
+-------------------------------------------+-------------------+--------------+-------------+--------------+---------+-----------+------+--------------+-----------------------------------------------------------------------------------------------------------------------------------+--------------+
; |THREE_DIGITS                             ; 578 (0)           ; 163 (0)      ; 0           ; 0            ; 0       ; 0         ; 56   ; 0            ; |THREE_DIGITS                                                                                                                     ; work         ;
;    |bcd_counter24:hours|                  ; 16 (16)           ; 8 (8)        ; 0           ; 0            ; 0       ; 0         ; 0    ; 0            ; |THREE_DIGITS|bcd_counter24:hours                                                                                                 ; work         ;
;    |bcd_counter:minutes|                  ; 241 (173)         ; 65 (65)      ; 0           ; 0            ; 0       ; 0         ; 0    ; 0            ; |THREE_DIGITS|bcd_counter:minutes                                                                                                 ; work         ;
;       |lpm_divide:Div0|                   ; 30 (0)            ; 0 (0)        ; 0           ; 0            ; 0       ; 0         ; 0    ; 0            ; |THREE_DIGITS|bcd_counter:minutes|lpm_divide:Div0                                                                                 ; work         ;
;          |lpm_divide_hhm:auto_generated|  ; 30 (0)            ; 0 (0)        ; 0           ; 0            ; 0       ; 0         ; 0    ; 0            ; |THREE_DIGITS|bcd_counter:minutes|lpm_divide:Div0|lpm_divide_hhm:auto_generated                                                   ; work         ;
;             |sign_div_unsign_9kh:divider| ; 30 (0)            ; 0 (0)        ; 0           ; 0            ; 0       ; 0         ; 0    ; 0            ; |THREE_DIGITS|bcd_counter:minutes|lpm_divide:Div0|lpm_divide_hhm:auto_generated|sign_div_unsign_9kh:divider                       ; work         ;
;                |alt_u_div_64f:divider|    ; 30 (30)           ; 0 (0)        ; 0           ; 0            ; 0       ; 0         ; 0    ; 0            ; |THREE_DIGITS|bcd_counter:minutes|lpm_divide:Div0|lpm_divide_hhm:auto_generated|sign_div_unsign_9kh:divider|alt_u_div_64f:divider ; work         ;
;       |lpm_divide:Mod0|                   ; 38 (0)            ; 0 (0)        ; 0           ; 0            ; 0       ; 0         ; 0    ; 0            ; |THREE_DIGITS|bcd_counter:minutes|lpm_divide:Mod0                                                                                 ; work         ;
;          |lpm_divide_m9m:auto_generated|  ; 38 (0)            ; 0 (0)        ; 0           ; 0            ; 0       ; 0         ; 0    ; 0            ; |THREE_DIGITS|bcd_counter:minutes|lpm_divide:Mod0|lpm_divide_m9m:auto_generated                                                   ; work         ;
;             |sign_div_unsign_bkh:divider| ; 38 (0)            ; 0 (0)        ; 0           ; 0            ; 0       ; 0         ; 0    ; 0            ; |THREE_DIGITS|bcd_counter:minutes|lpm_divide:Mod0|lpm_divide_m9m:auto_generated|sign_div_unsign_bkh:divider                       ; work         ;
;                |alt_u_div_a4f:divider|    ; 38 (38)           ; 0 (0)        ; 0           ; 0            ; 0       ; 0         ; 0    ; 0            ; |THREE_DIGITS|bcd_counter:minutes|lpm_divide:Mod0|lpm_divide_m9m:auto_generated|sign_div_unsign_bkh:divider|alt_u_div_a4f:divider ; work         ;
;    |bcd_counter:seconds|                  ; 241 (173)         ; 65 (65)      ; 0           ; 0            ; 0       ; 0         ; 0    ; 0            ; |THREE_DIGITS|bcd_counter:seconds                                                                                                 ; work         ;
;       |lpm_divide:Div0|                   ; 30 (0)            ; 0 (0)        ; 0           ; 0            ; 0       ; 0         ; 0    ; 0            ; |THREE_DIGITS|bcd_counter:seconds|lpm_divide:Div0                                                                                 ; work         ;
;          |lpm_divide_hhm:auto_generated|  ; 30 (0)            ; 0 (0)        ; 0           ; 0            ; 0       ; 0         ; 0    ; 0            ; |THREE_DIGITS|bcd_counter:seconds|lpm_divide:Div0|lpm_divide_hhm:auto_generated                                                   ; work         ;
;             |sign_div_unsign_9kh:divider| ; 30 (0)            ; 0 (0)        ; 0           ; 0            ; 0       ; 0         ; 0    ; 0            ; |THREE_DIGITS|bcd_counter:seconds|lpm_divide:Div0|lpm_divide_hhm:auto_generated|sign_div_unsign_9kh:divider                       ; work         ;
;                |alt_u_div_64f:divider|    ; 30 (30)           ; 0 (0)        ; 0           ; 0            ; 0       ; 0         ; 0    ; 0            ; |THREE_DIGITS|bcd_counter:seconds|lpm_divide:Div0|lpm_divide_hhm:auto_generated|sign_div_unsign_9kh:divider|alt_u_div_64f:divider ; work         ;
;       |lpm_divide:Mod0|                   ; 38 (0)            ; 0 (0)        ; 0           ; 0            ; 0       ; 0         ; 0    ; 0            ; |THREE_DIGITS|bcd_counter:seconds|lpm_divide:Mod0                                                                                 ; work         ;
;          |lpm_divide_m9m:auto_generated|  ; 38 (0)            ; 0 (0)        ; 0           ; 0            ; 0       ; 0         ; 0    ; 0            ; |THREE_DIGITS|bcd_counter:seconds|lpm_divide:Mod0|lpm_divide_m9m:auto_generated                                                   ; work         ;
;             |sign_div_unsign_bkh:divider| ; 38 (0)            ; 0 (0)        ; 0           ; 0            ; 0       ; 0         ; 0    ; 0            ; |THREE_DIGITS|bcd_counter:seconds|lpm_divide:Mod0|lpm_divide_m9m:auto_generated|sign_div_unsign_bkh:divider                       ; work         ;
;                |alt_u_div_a4f:divider|    ; 38 (38)           ; 0 (0)        ; 0           ; 0            ; 0       ; 0         ; 0    ; 0            ; |THREE_DIGITS|bcd_counter:seconds|lpm_divide:Mod0|lpm_divide_m9m:auto_generated|sign_div_unsign_bkh:divider|alt_u_div_a4f:divider ; work         ;
;    |scale_clock:CLK1|                     ; 38 (38)           ; 25 (25)      ; 0           ; 0            ; 0       ; 0         ; 0    ; 0            ; |THREE_DIGITS|scale_clock:CLK1                                                                                                    ; work         ;
;    |sevenseg:sevenseg1_inst|              ; 7 (7)             ; 0 (0)        ; 0           ; 0            ; 0       ; 0         ; 0    ; 0            ; |THREE_DIGITS|sevenseg:sevenseg1_inst                                                                                             ; work         ;
;    |sevenseg:sevenseg2_inst|              ; 7 (7)             ; 0 (0)        ; 0           ; 0            ; 0       ; 0         ; 0    ; 0            ; |THREE_DIGITS|sevenseg:sevenseg2_inst                                                                                             ; work         ;
;    |sevenseg:sevenseg3_inst|              ; 7 (7)             ; 0 (0)        ; 0           ; 0            ; 0       ; 0         ; 0    ; 0            ; |THREE_DIGITS|sevenseg:sevenseg3_inst                                                                                             ; work         ;
;    |sevenseg:sevenseg4_inst|              ; 7 (7)             ; 0 (0)        ; 0           ; 0            ; 0       ; 0         ; 0    ; 0            ; |THREE_DIGITS|sevenseg:sevenseg4_inst                                                                                             ; work         ;
;    |sevenseg:sevenseg5_inst|              ; 7 (7)             ; 0 (0)        ; 0           ; 0            ; 0       ; 0         ; 0    ; 0            ; |THREE_DIGITS|sevenseg:sevenseg5_inst                                                                                             ; work         ;
;    |sevenseg:sevenseg6_inst|              ; 7 (7)             ; 0 (0)        ; 0           ; 0            ; 0       ; 0         ; 0    ; 0            ; |THREE_DIGITS|sevenseg:sevenseg6_inst                                                                                             ; work         ;
+-------------------------------------------+-------------------+--------------+-------------+--------------+---------+-----------+------+--------------+-----------------------------------------------------------------------------------------------------------------------------------+--------------+
Note: For table entries with two numbers listed, the numbers in parentheses indicate the number of resources of the given type used by the specific entity alone. The numbers listed outside of parentheses indicate the total resources of the given type used by the specific entity and all of its sub-entities in the hierarchy.


+------------------------------------------------------+
; General Register Statistics                          ;
+----------------------------------------------+-------+
; Statistic                                    ; Value ;
+----------------------------------------------+-------+
; Total registers                              ; 163   ;
; Number of registers using Synchronous Clear  ; 0     ;
; Number of registers using Synchronous Load   ; 0     ;
; Number of registers using Asynchronous Clear ; 163   ;
; Number of registers using Asynchronous Load  ; 0     ;
; Number of registers using Clock Enable       ; 0     ;
; Number of registers using Preset             ; 0     ;
+----------------------------------------------+-------+


+--------------------------------------------------+
; Inverted Register Statistics                     ;
+----------------------------------------+---------+
; Inverted Register                      ; Fan out ;
+----------------------------------------+---------+
; bcd_counter:seconds|FWD                ; 65      ;
; bcd_counter:minutes|FWD                ; 8       ;
; Total number of inverted registers = 2 ;         ;
+----------------------------------------+---------+


+-----------------------------------------------------------------------------------------------------------------------------------------------------------+
; Multiplexer Restructuring Statistics (Restructuring Performed)                                                                                            ;
+--------------------+-----------+---------------+----------------------+------------------------+------------+---------------------------------------------+
; Multiplexer Inputs ; Bus Width ; Baseline Area ; Area if Restructured ; Saving if Restructured ; Registered ; Example Multiplexer Output                  ;
+--------------------+-----------+---------------+----------------------+------------------------+------------+---------------------------------------------+
; 3:1                ; 25 bits   ; 50 LEs        ; 25 LEs               ; 25 LEs                 ; Yes        ; |THREE_DIGITS|bcd_counter:seconds|temp1[13] ;
; 3:1                ; 25 bits   ; 50 LEs        ; 25 LEs               ; 25 LEs                 ; Yes        ; |THREE_DIGITS|bcd_counter:seconds|temp0[18] ;
; 3:1                ; 25 bits   ; 50 LEs        ; 25 LEs               ; 25 LEs                 ; Yes        ; |THREE_DIGITS|bcd_counter:minutes|temp1[25] ;
; 3:1                ; 25 bits   ; 50 LEs        ; 25 LEs               ; 25 LEs                 ; Yes        ; |THREE_DIGITS|bcd_counter:minutes|temp0[12] ;
; 3:1                ; 4 bits    ; 8 LEs         ; 4 LEs                ; 4 LEs                  ; Yes        ; |THREE_DIGITS|bcd_counter24:hours|temp1[3]  ;
; 3:1                ; 4 bits    ; 8 LEs         ; 4 LEs                ; 4 LEs                  ; Yes        ; |THREE_DIGITS|bcd_counter24:hours|temp0[0]  ;
; 3:1                ; 7 bits    ; 14 LEs        ; 7 LEs                ; 7 LEs                  ; Yes        ; |THREE_DIGITS|bcd_counter:seconds|temp1[31] ;
; 3:1                ; 7 bits    ; 14 LEs        ; 7 LEs                ; 7 LEs                  ; Yes        ; |THREE_DIGITS|bcd_counter:seconds|temp0[0]  ;
; 3:1                ; 7 bits    ; 14 LEs        ; 7 LEs                ; 7 LEs                  ; Yes        ; |THREE_DIGITS|bcd_counter:minutes|temp1[3]  ;
; 3:1                ; 7 bits    ; 14 LEs        ; 7 LEs                ; 7 LEs                  ; Yes        ; |THREE_DIGITS|bcd_counter:minutes|temp0[2]  ;
+--------------------+-----------+---------------+----------------------+------------------------+------------+---------------------------------------------+


+--------------------------------------------------------------------------------------+
; Parameter Settings for Inferred Entity Instance: bcd_counter:seconds|lpm_divide:Mod0 ;
+------------------------+----------------+--------------------------------------------+
; Parameter Name         ; Value          ; Type                                       ;
+------------------------+----------------+--------------------------------------------+
; LPM_WIDTHN             ; 6              ; Untyped                                    ;
; LPM_WIDTHD             ; 6              ; Untyped                                    ;
; LPM_NREPRESENTATION    ; UNSIGNED       ; Untyped                                    ;
; LPM_DREPRESENTATION    ; UNSIGNED       ; Untyped                                    ;
; LPM_PIPELINE           ; 0              ; Untyped                                    ;
; LPM_REMAINDERPOSITIVE  ; TRUE           ; Untyped                                    ;
; MAXIMIZE_SPEED         ; 5              ; Untyped                                    ;
; CBXI_PARAMETER         ; lpm_divide_m9m ; Untyped                                    ;
; CARRY_CHAIN            ; MANUAL         ; Untyped                                    ;
; OPTIMIZE_FOR_SPEED     ; 5              ; Untyped                                    ;
; AUTO_CARRY_CHAINS      ; ON             ; AUTO_CARRY                                 ;
; IGNORE_CARRY_BUFFERS   ; OFF            ; IGNORE_CARRY                               ;
; AUTO_CASCADE_CHAINS    ; ON             ; AUTO_CASCADE                               ;
; IGNORE_CASCADE_BUFFERS ; OFF            ; IGNORE_CASCADE                             ;
+------------------------+----------------+--------------------------------------------+
Note: In order to hide this table in the UI and the text report file, please set the "Show Parameter Settings in Synthesis Report" option in "Analysis and Synthesis Settings -> More Settings" to "Off".


+--------------------------------------------------------------------------------------+
; Parameter Settings for Inferred Entity Instance: bcd_counter:seconds|lpm_divide:Div0 ;
+------------------------+----------------+--------------------------------------------+
; Parameter Name         ; Value          ; Type                                       ;
+------------------------+----------------+--------------------------------------------+
; LPM_WIDTHN             ; 6              ; Untyped                                    ;
; LPM_WIDTHD             ; 4              ; Untyped                                    ;
; LPM_NREPRESENTATION    ; UNSIGNED       ; Untyped                                    ;
; LPM_DREPRESENTATION    ; UNSIGNED       ; Untyped                                    ;
; LPM_PIPELINE           ; 0              ; Untyped                                    ;
; LPM_REMAINDERPOSITIVE  ; TRUE           ; Untyped                                    ;
; MAXIMIZE_SPEED         ; 5              ; Untyped                                    ;
; CBXI_PARAMETER         ; lpm_divide_hhm ; Untyped                                    ;
; CARRY_CHAIN            ; MANUAL         ; Untyped                                    ;
; OPTIMIZE_FOR_SPEED     ; 5              ; Untyped                                    ;
; AUTO_CARRY_CHAINS      ; ON             ; AUTO_CARRY                                 ;
; IGNORE_CARRY_BUFFERS   ; OFF            ; IGNORE_CARRY                               ;
; AUTO_CASCADE_CHAINS    ; ON             ; AUTO_CASCADE                               ;
; IGNORE_CASCADE_BUFFERS ; OFF            ; IGNORE_CASCADE                             ;
+------------------------+----------------+--------------------------------------------+
Note: In order to hide this table in the UI and the text report file, please set the "Show Parameter Settings in Synthesis Report" option in "Analysis and Synthesis Settings -> More Settings" to "Off".


+--------------------------------------------------------------------------------------+
; Parameter Settings for Inferred Entity Instance: bcd_counter:minutes|lpm_divide:Mod0 ;
+------------------------+----------------+--------------------------------------------+
; Parameter Name         ; Value          ; Type                                       ;
+------------------------+----------------+--------------------------------------------+
; LPM_WIDTHN             ; 6              ; Untyped                                    ;
; LPM_WIDTHD             ; 6              ; Untyped                                    ;
; LPM_NREPRESENTATION    ; UNSIGNED       ; Untyped                                    ;
; LPM_DREPRESENTATION    ; UNSIGNED       ; Untyped                                    ;
; LPM_PIPELINE           ; 0              ; Untyped                                    ;
; LPM_REMAINDERPOSITIVE  ; TRUE           ; Untyped                                    ;
; MAXIMIZE_SPEED         ; 5              ; Untyped                                    ;
; CBXI_PARAMETER         ; lpm_divide_m9m ; Untyped                                    ;
; CARRY_CHAIN            ; MANUAL         ; Untyped                                    ;
; OPTIMIZE_FOR_SPEED     ; 5              ; Untyped                                    ;
; AUTO_CARRY_CHAINS      ; ON             ; AUTO_CARRY                                 ;
; IGNORE_CARRY_BUFFERS   ; OFF            ; IGNORE_CARRY                               ;
; AUTO_CASCADE_CHAINS    ; ON             ; AUTO_CASCADE                               ;
; IGNORE_CASCADE_BUFFERS ; OFF            ; IGNORE_CASCADE                             ;
+------------------------+----------------+--------------------------------------------+
Note: In order to hide this table in the UI and the text report file, please set the "Show Parameter Settings in Synthesis Report" option in "Analysis and Synthesis Settings -> More Settings" to "Off".


+--------------------------------------------------------------------------------------+
; Parameter Settings for Inferred Entity Instance: bcd_counter:minutes|lpm_divide:Div0 ;
+------------------------+----------------+--------------------------------------------+
; Parameter Name         ; Value          ; Type                                       ;
+------------------------+----------------+--------------------------------------------+
; LPM_WIDTHN             ; 6              ; Untyped                                    ;
; LPM_WIDTHD             ; 4              ; Untyped                                    ;
; LPM_NREPRESENTATION    ; UNSIGNED       ; Untyped                                    ;
; LPM_DREPRESENTATION    ; UNSIGNED       ; Untyped                                    ;
; LPM_PIPELINE           ; 0              ; Untyped                                    ;
; LPM_REMAINDERPOSITIVE  ; TRUE           ; Untyped                                    ;
; MAXIMIZE_SPEED         ; 5              ; Untyped                                    ;
; CBXI_PARAMETER         ; lpm_divide_hhm ; Untyped                                    ;
; CARRY_CHAIN            ; MANUAL         ; Untyped                                    ;
; OPTIMIZE_FOR_SPEED     ; 5              ; Untyped                                    ;
; AUTO_CARRY_CHAINS      ; ON             ; AUTO_CARRY                                 ;
; IGNORE_CARRY_BUFFERS   ; OFF            ; IGNORE_CARRY                               ;
; AUTO_CASCADE_CHAINS    ; ON             ; AUTO_CASCADE                               ;
; IGNORE_CASCADE_BUFFERS ; OFF            ; IGNORE_CASCADE                             ;
+------------------------+----------------+--------------------------------------------+
Note: In order to hide this table in the UI and the text report file, please set the "Show Parameter Settings in Synthesis Report" option in "Analysis and Synthesis Settings -> More Settings" to "Off".


+-----------------------------------------------------+
; Post-Synthesis Netlist Statistics for Top Partition ;
+-----------------------+-----------------------------+
; Type                  ; Count                       ;
+-----------------------+-----------------------------+
; boundary_port         ; 56                          ;
; cycloneiii_ff         ; 163                         ;
;     CLR               ; 163                         ;
; cycloneiii_lcell_comb ; 584                         ;
;     arith             ; 193                         ;
;         2 data inputs ; 159                         ;
;         3 data inputs ; 34                          ;
;     normal            ; 391                         ;
;         0 data inputs ; 12                          ;
;         1 data inputs ; 12                          ;
;         2 data inputs ; 62                          ;
;         3 data inputs ; 78                          ;
;         4 data inputs ; 227                         ;
;                       ;                             ;
; Max LUT depth         ; 14.20                       ;
; Average LUT depth     ; 9.67                        ;
+-----------------------+-----------------------------+


+-------------------------------+
; Elapsed Time Per Partition    ;
+----------------+--------------+
; Partition Name ; Elapsed Time ;
+----------------+--------------+
; Top            ; 00:00:02     ;
+----------------+--------------+


+-------------------------------+
; Analysis & Synthesis Messages ;
+-------------------------------+
Info: *******************************************************************
Info: Running Quartus II 64-Bit Analysis & Synthesis
    Info: Version 14.1.0 Build 186 12/03/2014 SJ Web Edition
    Info: Processing started: Fri Jul 07 16:35:20 2017
Info: Command: quartus_map --read_settings_files=on --write_settings_files=off 333a -c 333a
Warning (20028): Parallel compilation is not licensed and has been disabled
Info (12021): Found 2 design units, including 1 entities, in source file bcd_counter.vhd
    Info (12022): Found design unit 1: bcd_counter-Behavioral
    Info (12023): Found entity 1: bcd_counter
Info (12021): Found 2 design units, including 1 entities, in source file sevenseg.vhd
    Info (12022): Found design unit 1: sevenseg-behavorial
    Info (12023): Found entity 1: sevenseg
Info (12021): Found 2 design units, including 1 entities, in source file three_digits.vhd
    Info (12022): Found design unit 1: THREE_DIGITS-structural
    Info (12023): Found entity 1: THREE_DIGITS
Info (12021): Found 2 design units, including 1 entities, in source file output_files/scale_clock.vhd
    Info (12022): Found design unit 1: scale_clock-Behavioral
    Info (12023): Found entity 1: scale_clock
Info (12021): Found 2 design units, including 1 entities, in source file bcd_counter24.vhd
    Info (12022): Found design unit 1: bcd_counter24-Behavioral
    Info (12023): Found entity 1: bcd_counter24
Info (12127): Elaborating entity "THREE_DIGITS" for the top level hierarchy
Info (12128): Elaborating entity "bcd_counter" for hierarchy "bcd_counter:seconds"
Warning (10492): VHDL Process Statement warning at bcd_counter.vhd(21): signal "D" is read inside the Process Statement but isn't in the Process Statement's sensitivity list
Info (12128): Elaborating entity "bcd_counter24" for hierarchy "bcd_counter24:hours"
Info (12128): Elaborating entity "scale_clock" for hierarchy "scale_clock:CLK1"
Info (12128): Elaborating entity "sevenseg" for hierarchy "sevenseg:sevenseg1_inst"
Info (278001): Inferred 4 megafunctions from design logic
    Info (278004): Inferred divider/modulo megafunction ("lpm_divide") from the following logic: "bcd_counter:seconds|Mod0"
    Info (278004): Inferred divider/modulo megafunction ("lpm_divide") from the following logic: "bcd_counter:seconds|Div0"
    Info (278004): Inferred divider/modulo megafunction ("lpm_divide") from the following logic: "bcd_counter:minutes|Mod0"
    Info (278004): Inferred divider/modulo megafunction ("lpm_divide") from the following logic: "bcd_counter:minutes|Div0"
Info (12130): Elaborated megafunction instantiation "bcd_counter:seconds|lpm_divide:Mod0"
Info (12133): Instantiated megafunction "bcd_counter:seconds|lpm_divide:Mod0" with the following parameter:
    Info (12134): Parameter "LPM_WIDTHN" = "6"
    Info (12134): Parameter "LPM_WIDTHD" = "6"
    Info (12134): Parameter "LPM_NREPRESENTATION" = "UNSIGNED"
    Info (12134): Parameter "LPM_DREPRESENTATION" = "UNSIGNED"
Info (12021): Found 1 design units, including 1 entities, in source file db/lpm_divide_m9m.tdf
    Info (12023): Found entity 1: lpm_divide_m9m
Info (12021): Found 1 design units, including 1 entities, in source file db/sign_div_unsign_bkh.tdf
    Info (12023): Found entity 1: sign_div_unsign_bkh
Info (12021): Found 1 design units, including 1 entities, in source file db/alt_u_div_a4f.tdf
    Info (12023): Found entity 1: alt_u_div_a4f
Info (12021): Found 1 design units, including 1 entities, in source file db/add_sub_7pc.tdf
    Info (12023): Found entity 1: add_sub_7pc
Info (12021): Found 1 design units, including 1 entities, in source file db/add_sub_8pc.tdf
    Info (12023): Found entity 1: add_sub_8pc
Info (12130): Elaborated megafunction instantiation "bcd_counter:seconds|lpm_divide:Div0"
Info (12133): Instantiated megafunction "bcd_counter:seconds|lpm_divide:Div0" with the following parameter:
    Info (12134): Parameter "LPM_WIDTHN" = "6"
    Info (12134): Parameter "LPM_WIDTHD" = "4"
    Info (12134): Parameter "LPM_NREPRESENTATION" = "UNSIGNED"
    Info (12134): Parameter "LPM_DREPRESENTATION" = "UNSIGNED"
Info (12021): Found 1 design units, including 1 entities, in source file db/lpm_divide_hhm.tdf
    Info (12023): Found entity 1: lpm_divide_hhm
Info (12021): Found 1 design units, including 1 entities, in source file db/sign_div_unsign_9kh.tdf
    Info (12023): Found entity 1: sign_div_unsign_9kh
Info (12021): Found 1 design units, including 1 entities, in source file db/alt_u_div_64f.tdf
    Info (12023): Found entity 1: alt_u_div_64f
Info (13000): Registers with preset signals will power-up high
Info (13003): DEV_CLRn pin will set, and not reset, register with preset signal due to NOT Gate Push-Back
Warning (13004): Presettable and clearable registers converted to equivalent circuits with latches. Registers power-up to an undefined state, and DEVCLRn places the registers in an undefined state.
    Warning (13310): Register "bcd_counter:seconds|temp0[0]" is converted into an equivalent circuit using register "bcd_counter:seconds|temp0[0]~_emulated" and latch "bcd_counter:seconds|temp0[0]~1"
    Warning (13310): Register "bcd_counter:seconds|temp0[1]" is converted into an equivalent circuit using register "bcd_counter:seconds|temp0[1]~_emulated" and latch "bcd_counter:seconds|temp0[1]~5"
    Warning (13310): Register "bcd_counter:seconds|temp0[2]" is converted into an equivalent circuit using register "bcd_counter:seconds|temp0[2]~_emulated" and latch "bcd_counter:seconds|temp0[2]~9"
    Warning (13310): Register "bcd_counter:seconds|temp0[3]" is converted into an equivalent circuit using register "bcd_counter:seconds|temp0[3]~_emulated" and latch "bcd_counter:seconds|temp0[3]~13"
    Warning (13310): Register "bcd_counter:seconds|temp1[0]" is converted into an equivalent circuit using register "bcd_counter:seconds|temp1[0]~_emulated" and latch "bcd_counter:seconds|temp1[0]~1"
    Warning (13310): Register "bcd_counter:seconds|temp1[1]" is converted into an equivalent circuit using register "bcd_counter:seconds|temp1[1]~_emulated" and latch "bcd_counter:seconds|temp1[1]~5"
    Warning (13310): Register "bcd_counter:seconds|temp1[2]" is converted into an equivalent circuit using register "bcd_counter:seconds|temp1[2]~_emulated" and latch "bcd_counter:seconds|temp1[2]~9"
    Warning (13310): Register "bcd_counter:minutes|temp0[0]" is converted into an equivalent circuit using register "bcd_counter:minutes|temp0[0]~_emulated" and latch "bcd_counter:minutes|temp0[0]~1"
    Warning (13310): Register "bcd_counter:minutes|temp0[1]" is converted into an equivalent circuit using register "bcd_counter:minutes|temp0[1]~_emulated" and latch "bcd_counter:minutes|temp0[1]~5"
    Warning (13310): Register "bcd_counter:minutes|temp0[2]" is converted into an equivalent circuit using register "bcd_counter:minutes|temp0[2]~_emulated" and latch "bcd_counter:minutes|temp0[2]~9"
    Warning (13310): Register "bcd_counter:minutes|temp0[3]" is converted into an equivalent circuit using register "bcd_counter:minutes|temp0[3]~_emulated" and latch "bcd_counter:minutes|temp0[3]~13"
    Warning (13310): Register "bcd_counter:minutes|temp1[0]" is converted into an equivalent circuit using register "bcd_counter:minutes|temp1[0]~_emulated" and latch "bcd_counter:minutes|temp1[0]~1"
    Warning (13310): Register "bcd_counter:minutes|temp1[1]" is converted into an equivalent circuit using register "bcd_counter:minutes|temp1[1]~_emulated" and latch "bcd_counter:minutes|temp1[1]~5"
    Warning (13310): Register "bcd_counter:minutes|temp1[2]" is converted into an equivalent circuit using register "bcd_counter:minutes|temp1[2]~_emulated" and latch "bcd_counter:minutes|temp1[2]~9"
    Warning (13310): Register "bcd_counter:seconds|temp0[5]" is converted into an equivalent circuit using register "bcd_counter:seconds|temp0[5]~_emulated" and latch "bcd_counter:seconds|temp0[5]~17"
    Warning (13310): Register "bcd_counter:seconds|temp0[4]" is converted into an equivalent circuit using register "bcd_counter:seconds|temp0[4]~_emulated" and latch "bcd_counter:seconds|temp0[4]~21"
    Warning (13310): Register "bcd_counter:minutes|temp0[5]" is converted into an equivalent circuit using register "bcd_counter:minutes|temp0[5]~_emulated" and latch "bcd_counter:minutes|temp0[5]~17"
    Warning (13310): Register "bcd_counter:minutes|temp0[4]" is converted into an equivalent circuit using register "bcd_counter:minutes|temp0[4]~_emulated" and latch "bcd_counter:minutes|temp0[4]~21"
Info (286030): Timing-Driven Synthesis is running
Critical Warning (18061): Ignored Power-Up Level option on the following registers
    Critical Warning (18010): Register bcd_counter:seconds|temp1[31] will power up to Low
    Critical Warning (18010): Register bcd_counter:seconds|temp0[31] will power up to Low
    Critical Warning (18010): Register bcd_counter:minutes|temp1[31] will power up to Low
    Critical Warning (18010): Register bcd_counter:minutes|temp0[31] will power up to Low
Info (16010): Generating hard_block partition "hard_block:auto_generated_inst"
    Info (16011): Adding 0 node(s), including 0 DDIO, 0 PLL, 0 transceiver and 0 LCELL
Info (21057): Implemented 636 device resources after synthesis - the final resource count might be different
    Info (21058): Implemented 14 input pins
    Info (21059): Implemented 42 output pins
    Info (21061): Implemented 580 logic cells
Info: Quartus II 64-Bit Analysis & Synthesis was successful. 0 errors, 26 warnings
    Info: Peak virtual memory: 652 megabytes
    Info: Processing ended: Fri Jul 07 16:35:32 2017
    Info: Elapsed time: 00:00:12
    Info: Total CPU time (on all processors): 00:00:22


