Analysis & Synthesis report for bcd_counter_and_encoder
Fri Jul 07 12:18:53 2017
Quartus II 64-Bit Version 14.1.0 Build 186 12/03/2014 SJ Web Edition


---------------------
; Table of Contents ;
---------------------
  1. Legal Notice
  2. Analysis & Synthesis Summary
  3. Analysis & Synthesis Settings
  4. Parallel Compilation
  5. Analysis & Synthesis Source Files Read
  6. Analysis & Synthesis Resource Usage Summary
  7. Analysis & Synthesis Resource Utilization by Entity
  8. State Machine - |bcd_counter_and_encoder|lcd_controller:lcd_ctrl|next_command
  9. State Machine - |bcd_counter_and_encoder|lcd_controller:lcd_ctrl|state
 10. Registers Removed During Synthesis
 11. Removed Registers Triggering Further Register Optimizations
 12. General Register Statistics
 13. Inverted Register Statistics
 14. Multiplexer Restructuring Statistics (Restructuring Performed)
 15. Parameter Settings for User Entity Instance: reg_nbit:pipo1
 16. Parameter Settings for User Entity Instance: reg_nbit:pipo2
 17. Parameter Settings for User Entity Instance: reg_nbit:pipo3
 18. Parameter Settings for User Entity Instance: reg_nbit:pipo4
 19. Parameter Settings for User Entity Instance: lcd_controller:lcd_ctrl
 20. Port Connectivity Checks: "reg_nbit:pipo4"
 21. Port Connectivity Checks: "reg_nbit:pipo3"
 22. Port Connectivity Checks: "reg_nbit:pipo2"
 23. Port Connectivity Checks: "reg_nbit:pipo1"
 24. Post-Synthesis Netlist Statistics for Top Partition
 25. Elapsed Time Per Partition
 26. Analysis & Synthesis Messages



----------------
; Legal Notice ;
----------------
Copyright (C) 1991-2014 Altera Corporation. All rights reserved.
Your use of Altera Corporation's design tools, logic functions 
and other software and tools, and its AMPP partner logic 
functions, and any output files from any of the foregoing 
(including device programming or simulation files), and any 
associated documentation or information are expressly subject 
to the terms and conditions of the Altera Program License 
Subscription Agreement, the Altera Quartus II License Agreement,
the Altera MegaCore Function License Agreement, or other 
applicable license agreement, including, without limitation, 
that your use is for the sole purpose of programming logic 
devices manufactured by Altera and sold by Altera or its 
authorized distributors.  Please refer to the applicable 
agreement for further details.



+---------------------------------------------------------------------------------+
; Analysis & Synthesis Summary                                                    ;
+------------------------------------+--------------------------------------------+
; Analysis & Synthesis Status        ; Successful - Fri Jul 07 12:18:53 2017      ;
; Quartus II 64-Bit Version          ; 14.1.0 Build 186 12/03/2014 SJ Web Edition ;
; Revision Name                      ; bcd_counter_and_encoder                    ;
; Top-level Entity Name              ; bcd_counter_and_encoder                    ;
; Family                             ; Cyclone IV E                               ;
; Total logic elements               ; 192                                        ;
;     Total combinational functions  ; 151                                        ;
;     Dedicated logic registers      ; 121                                        ;
; Total registers                    ; 121                                        ;
; Total pins                         ; 35                                         ;
; Total virtual pins                 ; 0                                          ;
; Total memory bits                  ; 0                                          ;
; Embedded Multiplier 9-bit elements ; 0                                          ;
; Total PLLs                         ; 0                                          ;
+------------------------------------+--------------------------------------------+


+--------------------------------------------------------------------------------------------------------------------------------+
; Analysis & Synthesis Settings                                                                                                  ;
+----------------------------------------------------------------------------+-------------------------+-------------------------+
; Option                                                                     ; Setting                 ; Default Value           ;
+----------------------------------------------------------------------------+-------------------------+-------------------------+
; Device                                                                     ; EP4CE115F29C8           ;                         ;
; Top-level entity name                                                      ; bcd_counter_and_encoder ; bcd_counter_and_encoder ;
; Family name                                                                ; Cyclone IV E            ; Cyclone IV GX           ;
; Use smart compilation                                                      ; Off                     ; Off                     ;
; Enable parallel Assembler and TimeQuest Timing Analyzer during compilation ; On                      ; On                      ;
; Enable compact report table                                                ; Off                     ; Off                     ;
; Restructure Multiplexers                                                   ; Auto                    ; Auto                    ;
; Create Debugging Nodes for IP Cores                                        ; Off                     ; Off                     ;
; Preserve fewer node names                                                  ; On                      ; On                      ;
; Disable OpenCore Plus hardware evaluation                                  ; Off                     ; Off                     ;
; Verilog Version                                                            ; Verilog_2001            ; Verilog_2001            ;
; VHDL Version                                                               ; VHDL_1993               ; VHDL_1993               ;
; State Machine Processing                                                   ; Auto                    ; Auto                    ;
; Safe State Machine                                                         ; Off                     ; Off                     ;
; Extract Verilog State Machines                                             ; On                      ; On                      ;
; Extract VHDL State Machines                                                ; On                      ; On                      ;
; Ignore Verilog initial constructs                                          ; Off                     ; Off                     ;
; Iteration limit for constant Verilog loops                                 ; 5000                    ; 5000                    ;
; Iteration limit for non-constant Verilog loops                             ; 250                     ; 250                     ;
; Add Pass-Through Logic to Inferred RAMs                                    ; On                      ; On                      ;
; Infer RAMs from Raw Logic                                                  ; On                      ; On                      ;
; Parallel Synthesis                                                         ; On                      ; On                      ;
; DSP Block Balancing                                                        ; Auto                    ; Auto                    ;
; NOT Gate Push-Back                                                         ; On                      ; On                      ;
; Power-Up Don't Care                                                        ; On                      ; On                      ;
; Remove Redundant Logic Cells                                               ; Off                     ; Off                     ;
; Remove Duplicate Registers                                                 ; On                      ; On                      ;
; Ignore CARRY Buffers                                                       ; Off                     ; Off                     ;
; Ignore CASCADE Buffers                                                     ; Off                     ; Off                     ;
; Ignore GLOBAL Buffers                                                      ; Off                     ; Off                     ;
; Ignore ROW GLOBAL Buffers                                                  ; Off                     ; Off                     ;
; Ignore LCELL Buffers                                                       ; Off                     ; Off                     ;
; Ignore SOFT Buffers                                                        ; On                      ; On                      ;
; Limit AHDL Integers to 32 Bits                                             ; Off                     ; Off                     ;
; Optimization Technique                                                     ; Balanced                ; Balanced                ;
; Carry Chain Length                                                         ; 70                      ; 70                      ;
; Auto Carry Chains                                                          ; On                      ; On                      ;
; Auto Open-Drain Pins                                                       ; On                      ; On                      ;
; Perform WYSIWYG Primitive Resynthesis                                      ; Off                     ; Off                     ;
; Auto ROM Replacement                                                       ; On                      ; On                      ;
; Auto RAM Replacement                                                       ; On                      ; On                      ;
; Auto DSP Block Replacement                                                 ; On                      ; On                      ;
; Auto Shift Register Replacement                                            ; Auto                    ; Auto                    ;
; Allow Shift Register Merging across Hierarchies                            ; Auto                    ; Auto                    ;
; Auto Clock Enable Replacement                                              ; On                      ; On                      ;
; Strict RAM Replacement                                                     ; Off                     ; Off                     ;
; Allow Synchronous Control Signals                                          ; On                      ; On                      ;
; Force Use of Synchronous Clear Signals                                     ; Off                     ; Off                     ;
; Auto RAM Block Balancing                                                   ; On                      ; On                      ;
; Auto RAM to Logic Cell Conversion                                          ; Off                     ; Off                     ;
; Auto Resource Sharing                                                      ; Off                     ; Off                     ;
; Allow Any RAM Size For Recognition                                         ; Off                     ; Off                     ;
; Allow Any ROM Size For Recognition                                         ; Off                     ; Off                     ;
; Allow Any Shift Register Size For Recognition                              ; Off                     ; Off                     ;
; Use LogicLock Constraints during Resource Balancing                        ; On                      ; On                      ;
; Ignore translate_off and synthesis_off directives                          ; Off                     ; Off                     ;
; Timing-Driven Synthesis                                                    ; On                      ; On                      ;
; Report Parameter Settings                                                  ; On                      ; On                      ;
; Report Source Assignments                                                  ; On                      ; On                      ;
; Report Connectivity Checks                                                 ; On                      ; On                      ;
; Ignore Maximum Fan-Out Assignments                                         ; Off                     ; Off                     ;
; Synchronization Register Chain Length                                      ; 2                       ; 2                       ;
; PowerPlay Power Optimization During Synthesis                              ; Normal compilation      ; Normal compilation      ;
; HDL message level                                                          ; Level2                  ; Level2                  ;
; Suppress Register Optimization Related Messages                            ; Off                     ; Off                     ;
; Number of Removed Registers Reported in Synthesis Report                   ; 5000                    ; 5000                    ;
; Number of Swept Nodes Reported in Synthesis Report                         ; 5000                    ; 5000                    ;
; Number of Inverted Registers Reported in Synthesis Report                  ; 100                     ; 100                     ;
; Clock MUX Protection                                                       ; On                      ; On                      ;
; Auto Gated Clock Conversion                                                ; Off                     ; Off                     ;
; Block Design Naming                                                        ; Auto                    ; Auto                    ;
; SDC constraint protection                                                  ; Off                     ; Off                     ;
; Synthesis Effort                                                           ; Auto                    ; Auto                    ;
; Shift Register Replacement - Allow Asynchronous Clear Signal               ; On                      ; On                      ;
; Pre-Mapping Resynthesis Optimization                                       ; Off                     ; Off                     ;
; Analysis & Synthesis Message Level                                         ; Medium                  ; Medium                  ;
; Disable Register Merging Across Hierarchies                                ; Auto                    ; Auto                    ;
; Resource Aware Inference For Block RAM                                     ; On                      ; On                      ;
; Synthesis Seed                                                             ; 1                       ; 1                       ;
+----------------------------------------------------------------------------+-------------------------+-------------------------+


Parallel compilation was disabled, but you have multiple processors available. Enable parallel compilation to reduce compilation time.
+-------------------------------------+
; Parallel Compilation                ;
+----------------------------+--------+
; Processors                 ; Number ;
+----------------------------+--------+
; Number detected on machine ; 8      ;
; Maximum allowed            ; 1      ;
+----------------------------+--------+


+-----------------------------------------------------------------------------------------------------------------------------------------+
; Analysis & Synthesis Source Files Read                                                                                                  ;
+----------------------------------+-----------------+-----------------+--------------------------------------------------------+---------+
; File Name with User-Entered Path ; Used in Netlist ; File Type       ; File Name with Absolute Path                           ; Library ;
+----------------------------------+-----------------+-----------------+--------------------------------------------------------+---------+
; reg_nbit.vhd                     ; yes             ; User VHDL File  ; H:/bcd_counter_and_encoder/reg_nbit.vhd                ;         ;
; bcd_counter.vhd                  ; yes             ; User VHDL File  ; H:/bcd_counter_and_encoder/bcd_counter.vhd             ;         ;
; bcd_counter_and_encoder.vhd      ; yes             ; User VHDL File  ; H:/bcd_counter_and_encoder/bcd_counter_and_encoder.vhd ;         ;
; bcd_to_7seg.vhd                  ; yes             ; User VHDL File  ; H:/bcd_counter_and_encoder/bcd_to_7seg.vhd             ;         ;
; bcd_to_aiken_and_gray.vhd        ; yes             ; User VHDL File  ; H:/bcd_counter_and_encoder/bcd_to_aiken_and_gray.vhd   ;         ;
; lcd_controller.vhd               ; yes             ; User VHDL File  ; H:/bcd_counter_and_encoder/lcd_controller.vhd          ;         ;
+----------------------------------+-----------------+-----------------+--------------------------------------------------------+---------+


+------------------------------------------------------------+
; Analysis & Synthesis Resource Usage Summary                ;
+---------------------------------------------+--------------+
; Resource                                    ; Usage        ;
+---------------------------------------------+--------------+
; Estimated Total logic elements              ; 192          ;
;                                             ;              ;
; Total combinational functions               ; 151          ;
; Logic element usage by number of LUT inputs ;              ;
;     -- 4 input functions                    ; 78           ;
;     -- 3 input functions                    ; 20           ;
;     -- <=2 input functions                  ; 53           ;
;                                             ;              ;
; Logic elements by mode                      ;              ;
;     -- normal mode                          ; 128          ;
;     -- arithmetic mode                      ; 23           ;
;                                             ;              ;
; Total registers                             ; 121          ;
;     -- Dedicated logic registers            ; 121          ;
;     -- I/O registers                        ; 0            ;
;                                             ;              ;
; I/O pins                                    ; 35           ;
;                                             ;              ;
; Embedded Multiplier 9-bit elements          ; 0            ;
;                                             ;              ;
; Maximum fan-out node                        ; CLK_50~input ;
; Maximum fan-out                             ; 109          ;
; Total fan-out                               ; 877          ;
; Average fan-out                             ; 2.56         ;
+---------------------------------------------+--------------+


+------------------------------------------------------------------------------------------------------------------------------------------------------------------------------------------------------------------------------+
; Analysis & Synthesis Resource Utilization by Entity                                                                                                                                                                          ;
+---------------------------------------+-------------------+--------------+-------------+--------------+---------+-----------+------+--------------+-----------------------------------------------------------+--------------+
; Compilation Hierarchy Node            ; LC Combinationals ; LC Registers ; Memory Bits ; DSP Elements ; DSP 9x9 ; DSP 18x18 ; Pins ; Virtual Pins ; Full Hierarchy Name                                       ; Library Name ;
+---------------------------------------+-------------------+--------------+-------------+--------------+---------+-----------+------+--------------+-----------------------------------------------------------+--------------+
; |bcd_counter_and_encoder              ; 151 (0)           ; 121 (0)      ; 0           ; 0            ; 0       ; 0         ; 35   ; 0            ; |bcd_counter_and_encoder                                  ; work         ;
;    |bcd_counter:bcd_counter_instance| ; 15 (15)           ; 4 (4)        ; 0           ; 0            ; 0       ; 0         ; 0    ; 0            ; |bcd_counter_and_encoder|bcd_counter:bcd_counter_instance ; work         ;
;    |bcd_to_7seg:bcd_to_7seg_instance| ; 7 (7)             ; 0 (0)        ; 0           ; 0            ; 0       ; 0         ; 0    ; 0            ; |bcd_counter_and_encoder|bcd_to_7seg:bcd_to_7seg_instance ; work         ;
;    |bcd_to_aiken_and_gray:converter|  ; 6 (6)             ; 0 (0)        ; 0           ; 0            ; 0       ; 0         ; 0    ; 0            ; |bcd_counter_and_encoder|bcd_to_aiken_and_gray:converter  ; work         ;
;    |lcd_controller:lcd_ctrl|          ; 119 (119)         ; 59 (59)      ; 0           ; 0            ; 0       ; 0         ; 0    ; 0            ; |bcd_counter_and_encoder|lcd_controller:lcd_ctrl          ; work         ;
;    |reg_nbit:pipo1|                   ; 0 (0)             ; 8 (8)        ; 0           ; 0            ; 0       ; 0         ; 0    ; 0            ; |bcd_counter_and_encoder|reg_nbit:pipo1                   ; work         ;
;    |reg_nbit:pipo2|                   ; 0 (0)             ; 14 (14)      ; 0           ; 0            ; 0       ; 0         ; 0    ; 0            ; |bcd_counter_and_encoder|reg_nbit:pipo2                   ; work         ;
;    |reg_nbit:pipo3|                   ; 0 (0)             ; 16 (16)      ; 0           ; 0            ; 0       ; 0         ; 0    ; 0            ; |bcd_counter_and_encoder|reg_nbit:pipo3                   ; work         ;
;    |reg_nbit:pipo4|                   ; 4 (4)             ; 20 (20)      ; 0           ; 0            ; 0       ; 0         ; 0    ; 0            ; |bcd_counter_and_encoder|reg_nbit:pipo4                   ; work         ;
+---------------------------------------+-------------------+--------------+-------------+--------------+---------+-----------+------+--------------+-----------------------------------------------------------+--------------+
Note: For table entries with two numbers listed, the numbers in parentheses indicate the number of resources of the given type used by the specific entity alone. The numbers listed outside of parentheses indicate the total resources of the given type used by the specific entity and all of its sub-entities in the hierarchy.


Encoding Type:  One-Hot
+----------------------------------------------------------------------------------------------------------------------------------------------------------------------------------------------------------------------------------------------------------------------------------------------------------------------------------------------------------+
; State Machine - |bcd_counter_and_encoder|lcd_controller:lcd_ctrl|next_command                                                                                                                                                                                                                                                                            ;
+----------------------------+----------------------------+--------------------------+---------------------+-------------------+---------------------+-------------------------+--------------------------+--------------------+---------------------------+-----------------------+-------------------------+-----------------------+---------------------+
; Name                       ; next_command.display_clear ; next_command.display_off ; next_command.reset3 ; next_command.hold ; next_command.reset1 ; next_command.drop_lcd_e ; next_command.return_home ; next_command.line2 ; next_command.print_string ; next_command.mode_set ; next_command.display_on ; next_command.func_set ; next_command.reset2 ;
+----------------------------+----------------------------+--------------------------+---------------------+-------------------+---------------------+-------------------------+--------------------------+--------------------+---------------------------+-----------------------+-------------------------+-----------------------+---------------------+
; next_command.reset2        ; 0                          ; 0                        ; 0                   ; 0                 ; 0                   ; 0                       ; 0                        ; 0                  ; 0                         ; 0                     ; 0                       ; 0                     ; 0                   ;
; next_command.func_set      ; 0                          ; 0                        ; 0                   ; 0                 ; 0                   ; 0                       ; 0                        ; 0                  ; 0                         ; 0                     ; 0                       ; 1                     ; 1                   ;
; next_command.display_on    ; 0                          ; 0                        ; 0                   ; 0                 ; 0                   ; 0                       ; 0                        ; 0                  ; 0                         ; 0                     ; 1                       ; 0                     ; 1                   ;
; next_command.mode_set      ; 0                          ; 0                        ; 0                   ; 0                 ; 0                   ; 0                       ; 0                        ; 0                  ; 0                         ; 1                     ; 0                       ; 0                     ; 1                   ;
; next_command.print_string  ; 0                          ; 0                        ; 0                   ; 0                 ; 0                   ; 0                       ; 0                        ; 0                  ; 1                         ; 0                     ; 0                       ; 0                     ; 1                   ;
; next_command.line2         ; 0                          ; 0                        ; 0                   ; 0                 ; 0                   ; 0                       ; 0                        ; 1                  ; 0                         ; 0                     ; 0                       ; 0                     ; 1                   ;
; next_command.return_home   ; 0                          ; 0                        ; 0                   ; 0                 ; 0                   ; 0                       ; 1                        ; 0                  ; 0                         ; 0                     ; 0                       ; 0                     ; 1                   ;
; next_command.drop_lcd_e    ; 0                          ; 0                        ; 0                   ; 0                 ; 0                   ; 1                       ; 0                        ; 0                  ; 0                         ; 0                     ; 0                       ; 0                     ; 1                   ;
; next_command.reset1        ; 0                          ; 0                        ; 0                   ; 0                 ; 1                   ; 0                       ; 0                        ; 0                  ; 0                         ; 0                     ; 0                       ; 0                     ; 1                   ;
; next_command.hold          ; 0                          ; 0                        ; 0                   ; 1                 ; 0                   ; 0                       ; 0                        ; 0                  ; 0                         ; 0                     ; 0                       ; 0                     ; 1                   ;
; next_command.reset3        ; 0                          ; 0                        ; 1                   ; 0                 ; 0                   ; 0                       ; 0                        ; 0                  ; 0                         ; 0                     ; 0                       ; 0                     ; 1                   ;
; next_command.display_off   ; 0                          ; 1                        ; 0                   ; 0                 ; 0                   ; 0                       ; 0                        ; 0                  ; 0                         ; 0                     ; 0                       ; 0                     ; 1                   ;
; next_command.display_clear ; 1                          ; 0                        ; 0                   ; 0                 ; 0                   ; 0                       ; 0                        ; 0                  ; 0                         ; 0                     ; 0                       ; 0                     ; 1                   ;
+----------------------------+----------------------------+--------------------------+---------------------+-------------------+---------------------+-------------------------+--------------------------+--------------------+---------------------------+-----------------------+-------------------------+-----------------------+---------------------+


Encoding Type:  One-Hot
+--------------------------------------------------------------------------------------------------------------------------------------------------------------------------------------------------------------------------------------------------------+
; State Machine - |bcd_counter_and_encoder|lcd_controller:lcd_ctrl|state                                                                                                                                                                                 ;
+---------------------+---------------------+-------------------+--------------+--------------+------------+------------------+-------------------+-------------+--------------------+----------------+------------------+----------------+--------------+
; Name                ; state.display_clear ; state.display_off ; state.reset3 ; state.reset2 ; state.hold ; state.drop_lcd_e ; state.return_home ; state.line2 ; state.print_string ; state.mode_set ; state.display_on ; state.func_set ; state.reset1 ;
+---------------------+---------------------+-------------------+--------------+--------------+------------+------------------+-------------------+-------------+--------------------+----------------+------------------+----------------+--------------+
; state.reset1        ; 0                   ; 0                 ; 0            ; 0            ; 0          ; 0                ; 0                 ; 0           ; 0                  ; 0              ; 0                ; 0              ; 0            ;
; state.func_set      ; 0                   ; 0                 ; 0            ; 0            ; 0          ; 0                ; 0                 ; 0           ; 0                  ; 0              ; 0                ; 1              ; 1            ;
; state.display_on    ; 0                   ; 0                 ; 0            ; 0            ; 0          ; 0                ; 0                 ; 0           ; 0                  ; 0              ; 1                ; 0              ; 1            ;
; state.mode_set      ; 0                   ; 0                 ; 0            ; 0            ; 0          ; 0                ; 0                 ; 0           ; 0                  ; 1              ; 0                ; 0              ; 1            ;
; state.print_string  ; 0                   ; 0                 ; 0            ; 0            ; 0          ; 0                ; 0                 ; 0           ; 1                  ; 0              ; 0                ; 0              ; 1            ;
; state.line2         ; 0                   ; 0                 ; 0            ; 0            ; 0          ; 0                ; 0                 ; 1           ; 0                  ; 0              ; 0                ; 0              ; 1            ;
; state.return_home   ; 0                   ; 0                 ; 0            ; 0            ; 0          ; 0                ; 1                 ; 0           ; 0                  ; 0              ; 0                ; 0              ; 1            ;
; state.drop_lcd_e    ; 0                   ; 0                 ; 0            ; 0            ; 0          ; 1                ; 0                 ; 0           ; 0                  ; 0              ; 0                ; 0              ; 1            ;
; state.hold          ; 0                   ; 0                 ; 0            ; 0            ; 1          ; 0                ; 0                 ; 0           ; 0                  ; 0              ; 0                ; 0              ; 1            ;
; state.reset2        ; 0                   ; 0                 ; 0            ; 1            ; 0          ; 0                ; 0                 ; 0           ; 0                  ; 0              ; 0                ; 0              ; 1            ;
; state.reset3        ; 0                   ; 0                 ; 1            ; 0            ; 0          ; 0                ; 0                 ; 0           ; 0                  ; 0              ; 0                ; 0              ; 1            ;
; state.display_off   ; 0                   ; 1                 ; 0            ; 0            ; 0          ; 0                ; 0                 ; 0           ; 0                  ; 0              ; 0                ; 0              ; 1            ;
; state.display_clear ; 1                   ; 0                 ; 0            ; 0            ; 0          ; 0                ; 0                 ; 0           ; 0                  ; 0              ; 0                ; 0              ; 1            ;
+---------------------+---------------------+-------------------+--------------+--------------+------------+------------------+-------------------+-------------+--------------------+----------------+------------------+----------------+--------------+


+---------------------------------------------------------------------------------------------------------------+
; Registers Removed During Synthesis                                                                            ;
+-------------------------------------------------+-------------------------------------------------------------+
; Register name                                   ; Reason for Removal                                          ;
+-------------------------------------------------+-------------------------------------------------------------+
; lcd_controller:lcd_ctrl|lcd_on                  ; Stuck at VCC due to stuck port data_in                      ;
; lcd_controller:lcd_ctrl|lcd_rw_int              ; Stuck at GND due to stuck port data_in                      ;
; lcd_controller:lcd_ctrl|lcd_blon                ; Stuck at VCC due to stuck port data_in                      ;
; reg_nbit:pipo4|q_i[3,4]                         ; Stuck at VCC due to stuck port data_in                      ;
; reg_nbit:pipo4|q_i[2]                           ; Stuck at GND due to stuck port data_in                      ;
; reg_nbit:pipo4|q_o[3,4]                         ; Stuck at VCC due to stuck port data_in                      ;
; reg_nbit:pipo4|q_o[2]                           ; Stuck at GND due to stuck port data_in                      ;
; lcd_controller:lcd_ctrl|next_command.hold       ; Merged with lcd_controller:lcd_ctrl|next_command.drop_lcd_e ;
; lcd_controller:lcd_ctrl|next_command.reset1     ; Merged with lcd_controller:lcd_ctrl|next_command.drop_lcd_e ;
; lcd_controller:lcd_ctrl|next_command.drop_lcd_e ; Stuck at GND due to stuck port data_in                      ;
; Total Number of Removed Registers = 12          ;                                                             ;
+-------------------------------------------------+-------------------------------------------------------------+


+---------------------------------------------------------------------------------------------------------------+
; Removed Registers Triggering Further Register Optimizations                                                   ;
+------------------------------------+---------------------------+----------------------------------------------+
; Register name                      ; Reason for Removal        ; Registers Removed due to This Register       ;
+------------------------------------+---------------------------+----------------------------------------------+
; lcd_controller:lcd_ctrl|lcd_on     ; Stuck at VCC              ; reg_nbit:pipo4|q_i[3], reg_nbit:pipo4|q_o[3] ;
;                                    ; due to stuck port data_in ;                                              ;
; lcd_controller:lcd_ctrl|lcd_rw_int ; Stuck at GND              ; reg_nbit:pipo4|q_i[2], reg_nbit:pipo4|q_o[2] ;
;                                    ; due to stuck port data_in ;                                              ;
; lcd_controller:lcd_ctrl|lcd_blon   ; Stuck at VCC              ; reg_nbit:pipo4|q_i[4], reg_nbit:pipo4|q_o[4] ;
;                                    ; due to stuck port data_in ;                                              ;
+------------------------------------+---------------------------+----------------------------------------------+


+------------------------------------------------------+
; General Register Statistics                          ;
+----------------------------------------------+-------+
; Statistic                                    ; Value ;
+----------------------------------------------+-------+
; Total registers                              ; 121   ;
; Number of registers using Synchronous Clear  ; 20    ;
; Number of registers using Synchronous Load   ; 5     ;
; Number of registers using Asynchronous Clear ; 37    ;
; Number of registers using Asynchronous Load  ; 0     ;
; Number of registers using Clock Enable       ; 37    ;
; Number of registers using Preset             ; 0     ;
+----------------------------------------------+-------+


+-----------------------------------------------------+
; Inverted Register Statistics                        ;
+-------------------------------------------+---------+
; Inverted Register                         ; Fan out ;
+-------------------------------------------+---------+
; lcd_controller:lcd_ctrl|lcd_e             ; 2       ;
; lcd_controller:lcd_ctrl|data_bus_value[3] ; 2       ;
; lcd_controller:lcd_ctrl|data_bus_value[4] ; 2       ;
; lcd_controller:lcd_ctrl|data_bus_value[5] ; 2       ;
; Total number of inverted registers = 4    ;         ;
+-------------------------------------------+---------+


+------------------------------------------------------------------------------------------------------------------------------------------------------------------------------------+
; Multiplexer Restructuring Statistics (Restructuring Performed)                                                                                                                     ;
+--------------------+-----------+---------------+----------------------+------------------------+------------+----------------------------------------------------------------------+
; Multiplexer Inputs ; Bus Width ; Baseline Area ; Area if Restructured ; Saving if Restructured ; Registered ; Example Multiplexer Output                                           ;
+--------------------+-----------+---------------+----------------------+------------------------+------------+----------------------------------------------------------------------+
; 3:1                ; 20 bits   ; 40 LEs        ; 20 LEs               ; 20 LEs                 ; Yes        ; |bcd_counter_and_encoder|lcd_controller:lcd_ctrl|clk_count_400hz[13] ;
; 3:1                ; 11 bits   ; 22 LEs        ; 22 LEs               ; 0 LEs                  ; No         ; |bcd_counter_and_encoder|lcd_controller:lcd_ctrl|state               ;
; 3:1                ; 3 bits    ; 6 LEs         ; 3 LEs                ; 3 LEs                  ; No         ; |bcd_counter_and_encoder|lcd_controller:lcd_ctrl|next_command        ;
+--------------------+-----------+---------------+----------------------+------------------------+------------+----------------------------------------------------------------------+


+-------------------------------------------------------------+
; Parameter Settings for User Entity Instance: reg_nbit:pipo1 ;
+----------------+-------+------------------------------------+
; Parameter Name ; Value ; Type                               ;
+----------------+-------+------------------------------------+
; n              ; 4     ; Signed Integer                     ;
+----------------+-------+------------------------------------+
Note: In order to hide this table in the UI and the text report file, please set the "Show Parameter Settings in Synthesis Report" option in "Analysis and Synthesis Settings -> More Settings" to "Off".


+-------------------------------------------------------------+
; Parameter Settings for User Entity Instance: reg_nbit:pipo2 ;
+----------------+-------+------------------------------------+
; Parameter Name ; Value ; Type                               ;
+----------------+-------+------------------------------------+
; n              ; 7     ; Signed Integer                     ;
+----------------+-------+------------------------------------+
Note: In order to hide this table in the UI and the text report file, please set the "Show Parameter Settings in Synthesis Report" option in "Analysis and Synthesis Settings -> More Settings" to "Off".


+-------------------------------------------------------------+
; Parameter Settings for User Entity Instance: reg_nbit:pipo3 ;
+----------------+-------+------------------------------------+
; Parameter Name ; Value ; Type                               ;
+----------------+-------+------------------------------------+
; n              ; 8     ; Signed Integer                     ;
+----------------+-------+------------------------------------+
Note: In order to hide this table in the UI and the text report file, please set the "Show Parameter Settings in Synthesis Report" option in "Analysis and Synthesis Settings -> More Settings" to "Off".


+-------------------------------------------------------------+
; Parameter Settings for User Entity Instance: reg_nbit:pipo4 ;
+----------------+-------+------------------------------------+
; Parameter Name ; Value ; Type                               ;
+----------------+-------+------------------------------------+
; n              ; 13    ; Signed Integer                     ;
+----------------+-------+------------------------------------+
Note: In order to hide this table in the UI and the text report file, please set the "Show Parameter Settings in Synthesis Report" option in "Analysis and Synthesis Settings -> More Settings" to "Off".


+----------------------------------------------------------------------+
; Parameter Settings for User Entity Instance: lcd_controller:lcd_ctrl ;
+----------------+-------+---------------------------------------------+
; Parameter Name ; Value ; Type                                        ;
+----------------+-------+---------------------------------------------+
; num_hex_digits ; 2     ; Signed Integer                              ;
+----------------+-------+---------------------------------------------+
Note: In order to hide this table in the UI and the text report file, please set the "Show Parameter Settings in Synthesis Report" option in "Analysis and Synthesis Settings -> More Settings" to "Off".


+--------------------------------------------+
; Port Connectivity Checks: "reg_nbit:pipo4" ;
+------+-------+----------+------------------+
; Port ; Type  ; Severity ; Details          ;
+------+-------+----------+------------------+
; ld   ; Input ; Info     ; Stuck at VCC     ;
; clr  ; Input ; Info     ; Stuck at GND     ;
+------+-------+----------+------------------+


+--------------------------------------------+
; Port Connectivity Checks: "reg_nbit:pipo3" ;
+------+-------+----------+------------------+
; Port ; Type  ; Severity ; Details          ;
+------+-------+----------+------------------+
; ld   ; Input ; Info     ; Stuck at VCC     ;
; clr  ; Input ; Info     ; Stuck at GND     ;
+------+-------+----------+------------------+


+--------------------------------------------+
; Port Connectivity Checks: "reg_nbit:pipo2" ;
+------+-------+----------+------------------+
; Port ; Type  ; Severity ; Details          ;
+------+-------+----------+------------------+
; ld   ; Input ; Info     ; Stuck at VCC     ;
; clr  ; Input ; Info     ; Stuck at GND     ;
+------+-------+----------+------------------+


+--------------------------------------------+
; Port Connectivity Checks: "reg_nbit:pipo1" ;
+------+-------+----------+------------------+
; Port ; Type  ; Severity ; Details          ;
+------+-------+----------+------------------+
; ld   ; Input ; Info     ; Stuck at VCC     ;
; clr  ; Input ; Info     ; Stuck at GND     ;
+------+-------+----------+------------------+


+-----------------------------------------------------+
; Post-Synthesis Netlist Statistics for Top Partition ;
+-----------------------+-----------------------------+
; Type                  ; Count                       ;
+-----------------------+-----------------------------+
; boundary_port         ; 35                          ;
; cycloneiii_ff         ; 121                         ;
;     CLR               ; 5                           ;
;     ENA CLR           ; 32                          ;
;     ENA SLD           ; 5                           ;
;     SCLR              ; 20                          ;
;     plain             ; 59                          ;
; cycloneiii_lcell_comb ; 153                         ;
;     arith             ; 23                          ;
;         2 data inputs ; 23                          ;
;     normal            ; 130                         ;
;         0 data inputs ; 2                           ;
;         1 data inputs ; 6                           ;
;         2 data inputs ; 24                          ;
;         3 data inputs ; 20                          ;
;         4 data inputs ; 78                          ;
;                       ;                             ;
; Max LUT depth         ; 8.00                        ;
; Average LUT depth     ; 2.52                        ;
+-----------------------+-----------------------------+


+-------------------------------+
; Elapsed Time Per Partition    ;
+----------------+--------------+
; Partition Name ; Elapsed Time ;
+----------------+--------------+
; Top            ; 00:00:01     ;
+----------------+--------------+


+-------------------------------+
; Analysis & Synthesis Messages ;
+-------------------------------+
Info: *******************************************************************
Info: Running Quartus II 64-Bit Analysis & Synthesis
    Info: Version 14.1.0 Build 186 12/03/2014 SJ Web Edition
    Info: Processing started: Fri Jul 07 12:18:42 2017
Info: Command: quartus_map --read_settings_files=on --write_settings_files=off bcd_counter_and_encoder -c bcd_counter_and_encoder
Warning (20028): Parallel compilation is not licensed and has been disabled
Info (12021): Found 2 design units, including 1 entities, in source file reg_nbit.vhd
    Info (12022): Found design unit 1: reg_nbit-behavorial
    Info (12023): Found entity 1: reg_nbit
Info (12021): Found 2 design units, including 1 entities, in source file set_ffs_unit.vhd
    Info (12022): Found design unit 1: set_ffs_unit-behavorial
    Info (12023): Found entity 1: set_ffs_unit
Info (12021): Found 2 design units, including 1 entities, in source file jk_ff.vhd
    Info (12022): Found design unit 1: jk_ff-behavorial
    Info (12023): Found entity 1: jk_ff
Info (12021): Found 2 design units, including 1 entities, in source file bcd_counter.vhd
    Info (12022): Found design unit 1: bcd_counter-Behavioral
    Info (12023): Found entity 1: bcd_counter
Info (12021): Found 2 design units, including 1 entities, in source file bcd_counter_and_encoder.vhd
    Info (12022): Found design unit 1: bcd_counter_and_encoder-structural
    Info (12023): Found entity 1: bcd_counter_and_encoder
Info (12021): Found 2 design units, including 1 entities, in source file bcd_to_7seg.vhd
    Info (12022): Found design unit 1: bcd_to_7seg-behavorial
    Info (12023): Found entity 1: bcd_to_7seg
Info (12021): Found 2 design units, including 1 entities, in source file bcd_to_aiken_and_gray.vhd
    Info (12022): Found design unit 1: bcd_to_aiken_and_gray-behavorial
    Info (12023): Found entity 1: bcd_to_aiken_and_gray
Info (12021): Found 2 design units, including 1 entities, in source file tb_bcd_counter_and_encoder.vhd
    Info (12022): Found design unit 1: tb_bcd_counter_and_encoder-testbench
    Info (12023): Found entity 1: tb_bcd_counter_and_encoder
Info (12021): Found 2 design units, including 1 entities, in source file lcd_controller.vhd
    Info (12022): Found design unit 1: lcd_controller-LCD_DISPLAY_arch
    Info (12023): Found entity 1: lcd_controller
Info (12021): Found 2 design units, including 1 entities, in source file beispiel.vhd
    Info (12022): Found design unit 1: LCD_DISPLAY_nty-LCD_DISPLAY_arch
    Info (12023): Found entity 1: LCD_DISPLAY_nty
Info (12021): Found 2 design units, including 1 entities, in source file tb_lcd_controller.vhd
    Info (12022): Found design unit 1: tb_lcd_controller-testbench
    Info (12023): Found entity 1: tb_lcd_controller
Info (12127): Elaborating entity "bcd_counter_and_encoder" for the top level hierarchy
Info (12128): Elaborating entity "reg_nbit" for hierarchy "reg_nbit:pipo1"
Info (12128): Elaborating entity "bcd_counter" for hierarchy "bcd_counter:bcd_counter_instance"
Warning (10492): VHDL Process Statement warning at bcd_counter.vhd(19): signal "D" is read inside the Process Statement but isn't in the Process Statement's sensitivity list
Info (12128): Elaborating entity "bcd_to_7seg" for hierarchy "bcd_to_7seg:bcd_to_7seg_instance"
Info (12128): Elaborating entity "reg_nbit" for hierarchy "reg_nbit:pipo2"
Info (12128): Elaborating entity "bcd_to_aiken_and_gray" for hierarchy "bcd_to_aiken_and_gray:converter"
Info (12128): Elaborating entity "reg_nbit" for hierarchy "reg_nbit:pipo3"
Info (12128): Elaborating entity "reg_nbit" for hierarchy "reg_nbit:pipo4"
Info (12128): Elaborating entity "lcd_controller" for hierarchy "lcd_controller:lcd_ctrl"
Warning (13044): Always-enabled tri-state buffer(s) removed
    Warning (13045): Converted the fanout from the always-enabled tri-state buffer "lcd_controller:lcd_ctrl|data_bus[0]" to the node "reg_nbit:pipo4|q_i[5]" into a wire
    Warning (13045): Converted the fanout from the always-enabled tri-state buffer "lcd_controller:lcd_ctrl|data_bus[1]" to the node "reg_nbit:pipo4|q_i[6]" into a wire
    Warning (13045): Converted the fanout from the always-enabled tri-state buffer "lcd_controller:lcd_ctrl|data_bus[2]" to the node "reg_nbit:pipo4|q_i[7]" into a wire
    Warning (13045): Converted the fanout from the always-enabled tri-state buffer "lcd_controller:lcd_ctrl|data_bus[3]" to the node "reg_nbit:pipo4|q_i[8]" into a wire
    Warning (13045): Converted the fanout from the always-enabled tri-state buffer "lcd_controller:lcd_ctrl|data_bus[4]" to the node "reg_nbit:pipo4|q_i[9]" into a wire
    Warning (13045): Converted the fanout from the always-enabled tri-state buffer "lcd_controller:lcd_ctrl|data_bus[5]" to the node "reg_nbit:pipo4|q_i[10]" into a wire
    Warning (13045): Converted the fanout from the always-enabled tri-state buffer "lcd_controller:lcd_ctrl|data_bus[6]" to the node "reg_nbit:pipo4|q_i[11]" into a wire
    Warning (13045): Converted the fanout from the always-enabled tri-state buffer "lcd_controller:lcd_ctrl|data_bus[7]" to the node "reg_nbit:pipo4|q_i[12]" into a wire
Info (13000): Registers with preset signals will power-up high
Info (13003): DEV_CLRn pin will set, and not reset, register with preset signal due to NOT Gate Push-Back
Warning (13004): Presettable and clearable registers converted to equivalent circuits with latches. Registers power-up to an undefined state, and DEVCLRn places the registers in an undefined state.
    Warning (13310): Register "bcd_counter:bcd_counter_instance|temp[0]" is converted into an equivalent circuit using register "bcd_counter:bcd_counter_instance|temp[0]~_emulated" and latch "bcd_counter:bcd_counter_instance|temp[0]~1"
    Warning (13310): Register "bcd_counter:bcd_counter_instance|temp[1]" is converted into an equivalent circuit using register "bcd_counter:bcd_counter_instance|temp[1]~_emulated" and latch "bcd_counter:bcd_counter_instance|temp[1]~5"
    Warning (13310): Register "bcd_counter:bcd_counter_instance|temp[2]" is converted into an equivalent circuit using register "bcd_counter:bcd_counter_instance|temp[2]~_emulated" and latch "bcd_counter:bcd_counter_instance|temp[2]~9"
    Warning (13310): Register "bcd_counter:bcd_counter_instance|temp[3]" is converted into an equivalent circuit using register "bcd_counter:bcd_counter_instance|temp[3]~_emulated" and latch "bcd_counter:bcd_counter_instance|temp[3]~13"
Warning (13024): Output pins are stuck at VCC or GND
    Warning (13410): Pin "OUT_LCD[2]" is stuck at GND
    Warning (13410): Pin "OUT_LCD[3]" is stuck at VCC
    Warning (13410): Pin "OUT_LCD[4]" is stuck at VCC
Info (286030): Timing-Driven Synthesis is running
Info (16010): Generating hard_block partition "hard_block:auto_generated_inst"
    Info (16011): Adding 0 node(s), including 0 DDIO, 0 PLL, 0 transceiver and 0 LCELL
Info (21057): Implemented 233 device resources after synthesis - the final resource count might be different
    Info (21058): Implemented 7 input pins
    Info (21059): Implemented 28 output pins
    Info (21061): Implemented 198 logic cells
Info: Quartus II 64-Bit Analysis & Synthesis was successful. 0 errors, 20 warnings
    Info: Peak virtual memory: 644 megabytes
    Info: Processing ended: Fri Jul 07 12:18:53 2017
    Info: Elapsed time: 00:00:11
    Info: Total CPU time (on all processors): 00:00:20


